#
# A fatal error has been detected by the Java Runtime Environment:
#
#  EXCEPTION_ACCESS_VIOLATION (0xc0000005) at pc=0x00007ffef570afd6, pid=154316, tid=154172
#
# JRE version: Java(TM) SE Runtime Environment (13.0.1+9) (build 13.0.1+9)
# Java VM: Java HotSpot(TM) 64-Bit Server VM (13.0.1+9, mixed mode, tiered, compressed oops, g1 gc, windows-amd64)
# Problematic frame:
# C  [oneagentjava.dll+0x1cafd6]
#
# No core dump will be written. Minidumps are not enabled by default on client versions of Windows
#
# If you would like to submit a bug report, please visit:
#   http://bugreport.java.com/bugreport/crash.jsp
# The crash happened outside the Java Virtual Machine in native code.
# See problematic frame for where to report the bug.
#

---------------  S U M M A R Y ------------

Command Line: -Dfile.encoding=UTF-8 -agentpath:C:/PROGRA~2/DYNATR~1/oneagent/agent/bin/119513~1.202/WINDOW~2/oneagentloader.dll=loglevelcon=none,tenant=fge35511,tenanttoken=JLvNiAbh7mPFZatF,server=https://sg-us-east-1-52-204-209-225-prod45-virginia.live.ruxit.com/communication;https://sg-us-east-1-35-171-91-31-prod45-virginia.live.ruxit.com/communication;https://sg-us-east-1-18-211-0-85-prod45-virginia.live.ruxit.com/communication;https://fge35511.live.dynatrace.com:443/communication com.deloitte.prod.application.InvokerServiceApplication

Host: Intel(R) Core(TM) i7-8650U CPU @ 1.90GHz, 8 cores, 7G,  Windows 10 , 64 bit Build 17763 (10.0.17763.1158)
Time: Tue Jun 30 09:43:21 2020 India Standard Time elapsed time: 58186 seconds (0d 16h 9m 46s)

---------------  T H R E A D  ---------------

Current thread (0x000001a645d36800):  JavaThread "dynatrace-metrics-publisher" daemon [_thread_in_native, id=154172, stack(0x000000101ec00000,0x000000101ed00000)]

Stack: [0x000000101ec00000,0x000000101ed00000],  sp=0x000000101ecfe0a0,  free space=1016k
Native frames: (J=compiled Java code, j=interpreted, Vv=VM code, C=native code)
C  [oneagentjava.dll+0x1cafd6]

Java frames: (J=compiled Java code, j=interpreted, Vv=VM code)
J 11544  com.compuware.apm.agent.CorrelationNative.setLongAttachmentField(JJSJ)Z (0 bytes) @ 0x000001a631e0e105 [0x000001a631e0e0c0+0x0000000000000045]
J 11543 c1 com.compuware.apm.agent.AttachmentBuilder.setLong(SJ)V (80 bytes) @ 0x000001a62b7ff7cc [0x000001a62b7ff3a0+0x000000000000042c]
J 11542 c1 com.compuware.apm.agent.ExceptionAttachmentWriter.setExceptionAttachmentMessageFieldsFast(Lcom/compuware/apm/agent/AttachmentBuilder;Ljava/lang/Throwable;)V (45 bytes) @ 0x000001a62b7fdffc [0x000001a62b7fdf60+0x000000000000009c]
j  com.compuware.apm.agent.ExceptionAttachmentWriter.writeCaptureExceptionToAttachmentFast(Ljava/lang/Throwable;ILjava/lang/String;Lcom/compuware/apm/agent/AttachmentBuilder;)V+9
J 17838 c1 com.compuware.apm.agent.ExceptionAttachmentWriter.writeCapturedExceptionFast(Lcom/compuware/apm/agent/SubPathReference;ILjava/lang/Throwable;I)V (80 bytes) @ 0x000001a62b9a70dc [0x000001a62b9a6e40+0x000000000000029c]
J 11541 c1 com.compuware.apm.agent.AsyncApiCall.exception(Ljava/lang/Throwable;)V (129 bytes) @ 0x000001a62b7fcce4 [0x000001a62b7fc620+0x00000000000006c4]
J 17841 c1 com.compuware.apm.agent.introspection.http.ThreadSafeHttpUrlConnectionIntrospection.doFinishAsyncCall(Ljava/net/HttpURLConnection;Lcom/compuware/apm/agent/introspection/http/ThreadSafeHttpUrlConnectionIntrospection$AsyncUrlConnectionHttpApiCall;Ljava/lang/Throwable;)V (46 bytes) @ 0x000001a62b66467c [0x000001a62b664580+0x00000000000000fc]
j  com.compuware.apm.agent.introspection.http.ThreadSafeHttpUrlConnectionIntrospection.checkfinishAsyncCallWithException(Ljava/net/HttpURLConnection;Ljava/lang/Throwable;)V+12
j  com.compuware.apm.agent.introspection.http.ThreadSafeHttpUrlConnectionIntrospection.access$700(Ljava/net/HttpURLConnection;Ljava/lang/Throwable;)V+2
j  com.compuware.apm.agent.introspection.http.ThreadSafeHttpUrlConnectionIntrospection$5.run(Lcom/compuware/apm/agent/TraceTag;)V+50
J 11790 c2 com.compuware.apm.agent.introspection.IntrospectionBase.introspectOnPath(JLjava/lang/Object;Lcom/compuware/apm/agent/introspection/IntrospectionBase$IntrospectionDelegate;)V (21 bytes) @ 0x000001a631e39fc4 [0x000001a631e39e80+0x0000000000000144]
j  com.compuware.apm.agent.introspection.http.ThreadSafeHttpUrlConnectionIntrospection.GetOutputStreamException(JLjava/lang/Object;ILjava/lang/Object;Ljava/lang/Throwable;)V+35
J 15437 c2 io.micrometer.core.ipc.http.HttpUrlConnectionSender.send(Lio/micrometer/core/ipc/http/HttpSender$Request;)Lio/micrometer/core/ipc/http/HttpSender$Response; (300 bytes) @ 0x000001a6323cc208 [0x000001a6323c8dc0+0x0000000000003448]
J 16573 c2 io.micrometer.dynatrace.DynatraceMeterRegistry$$Lambda$935.accept(Ljava/lang/Object;)V (12 bytes) @ 0x000001a6326bf084 [0x000001a6326be620+0x0000000000000a64]
J 12121 c2 java.util.stream.ForEachOps$ForEachOp$OfRef.accept(Ljava/lang/Object;)V java.base@13.0.1 (11 bytes) @ 0x000001a631e6aa64 [0x000001a631e6aa20+0x0000000000000044]
J 8161 c2 java.util.stream.ReferencePipeline$2$1.accept(Ljava/lang/Object;)V java.base@13.0.1 (27 bytes) @ 0x000001a631a2e290 [0x000001a631a2e220+0x0000000000000070]
J 6936 c2 java.util.stream.ReferencePipeline$3$1.accept(Ljava/lang/Object;)V java.base@13.0.1 (23 bytes) @ 0x000001a631981a40 [0x000001a6319819a0+0x00000000000000a0]
J 14406 c2 java.util.ArrayList$ArrayListSpliterator.forEachRemaining(Ljava/util/function/Consumer;)V java.base@13.0.1 (127 bytes) @ 0x000001a6321c607c [0x000001a6321c5fa0+0x00000000000000dc]
J 14576 c2 java.util.stream.ForEachOps$ForEachOp$OfRef.evaluateSequential(Ljava/util/stream/PipelineHelper;Ljava/util/Spliterator;)Ljava/lang/Object; java.base@13.0.1 (7 bytes) @ 0x000001a631dc2594 [0x000001a631dc2380+0x0000000000000214]
J 8149 c2 java.util.stream.AbstractPipeline.evaluate(Ljava/util/stream/TerminalOp;)Ljava/lang/Object; java.base@13.0.1 (94 bytes) @ 0x000001a6317d1d5c [0x000001a6317d1ca0+0x00000000000000bc]
J 17557 c1 io.micrometer.dynatrace.DynatraceMeterRegistry.publish()V (252 bytes) @ 0x000001a62b36bfac [0x000001a62b3691e0+0x0000000000002dcc]
J 17069 c1 io.micrometer.core.instrument.push.PushMeterRegistry.publishSafely()V (43 bytes) @ 0x000001a62b8e8c84 [0x000001a62b8e8b80+0x0000000000000104]
J 17068 c1 io.micrometer.core.instrument.push.PushMeterRegistry$$Lambda$557.run()V (178 bytes) @ 0x000001a62b8ea55c [0x000001a62b8ea1e0+0x000000000000037c]
J 13567 c2 java.util.concurrent.ScheduledThreadPoolExecutor$ScheduledFutureTask.run()V java.base@13.0.1 (227 bytes) @ 0x000001a632065124 [0x000001a632064ec0+0x0000000000000264]
J 17154% c2 java.util.concurrent.ThreadPoolExecutor.runWorker(Ljava/util/concurrent/ThreadPoolExecutor$Worker;)V java.base@13.0.1 (187 bytes) @ 0x000001a6327934dc [0x000001a632793300+0x00000000000001dc]
j  java.util.concurrent.ThreadPoolExecutor$Worker.run()V+5 java.base@13.0.1
J 3246 c1 java.lang.Thread.run()V java.base@13.0.1 (17 bytes) @ 0x000001a62a824d74 [0x000001a62a824c40+0x0000000000000134]
v  ~StubRoutines::call_stub

siginfo: EXCEPTION_ACCESS_VIOLATION (0xc0000005), reading address 0x0000000000000050


Register to memory mapping:

RIP=0x00007ffef570afd6 oneagentjava.dll
RAX=0x0 is NULL
RBX=0x000001a6462e46a0 points into unknown readable memory: 00 00 00 00 00 00 00 00
RCX=0x000001a6462e46a0 points into unknown readable memory: 00 00 00 00 00 00 00 00
RDX=0x000001a620f42040 points into unknown readable memory: b8 95 0e f6 fe 7f 00 00
RSP=0x000000101ecfe0a0 is pointing into the stack for thread: 0x000001a645d36800
RBP=0x000000101ecfe3e0 is pointing into the stack for thread: 0x000001a645d36800
RSI=0x000001a620f42040 points into unknown readable memory: b8 95 0e f6 fe 7f 00 00
RDI=0x000000101ecfe210 is pointing into the stack for thread: 0x000001a645d36800
R8 =0x0000000000000001 is an unknown value
R9 =0x000000101ecfe210 is pointing into the stack for thread: 0x000001a645d36800
R10=0x0 is NULL
R11=0x0000000000000246 is an unknown value
R12=0x000001a6462e46a0 points into unknown readable memory: 00 00 00 00 00 00 00 00
R13=0x000000101ecfe570 is pointing into the stack for thread: 0x000001a645d36800
R14=0x0000000000000001 is an unknown value
R15=0x000001a645d36800 is a thread


Registers:
RAX=0x0000000000000000, RBX=0x000001a6462e46a0, RCX=0x000001a6462e46a0, RDX=0x000001a620f42040
RSP=0x000000101ecfe0a0, RBP=0x000000101ecfe3e0, RSI=0x000001a620f42040, RDI=0x000000101ecfe210
R8 =0x0000000000000001, R9 =0x000000101ecfe210, R10=0x0000000000000000, R11=0x0000000000000246
R12=0x000001a6462e46a0, R13=0x000000101ecfe570, R14=0x0000000000000001, R15=0x000001a645d36800
RIP=0x00007ffef570afd6, EFLAGS=0x0000000000010246

Top of Stack: (sp=0x000000101ecfe0a0)
0x000000101ecfe0a0:   000001a6462e46e0 000001a6462e46a0
0x000000101ecfe0b0:   000001a620f42040 000001a642090720
0x000000101ecfe0c0:   000001a6208d98b0 00007ffef5725ea5
0x000000101ecfe0d0:   0000000000000000 000001a6462e46a0
0x000000101ecfe0e0:   000001a62118faf0 00007fff384a0000
0x000000101ecfe0f0:   00007fff387ee840 00007ffef5693336
0x000000101ecfe100:   000001a645d36800 0000000000000001
0x000000101ecfe110:   000001a6462e46a0 fffffffffffffffd
0x000000101ecfe120:   000001a620f42040 00007ffef570acc6
0x000000101ecfe130:   000001a620f42040 000001a6462e46a0
0x000000101ecfe140:   0000000000000001 000000101ecfe210
0x000000101ecfe150:   000001a620d5e6d0 00007fff384a9b0f
0x000000101ecfe160:   000001a620d8c880 00007ffef5722468
0x000000101ecfe170:   0000933026c8378c 00007fff37f03e87
0x000000101ecfe180:   0000000000000003 000001a645d36800
0x000000101ecfe190:   0000000000000000 0000000000000000 

Instructions: (pc=0x00007ffef570afd6)
0x00007ffef570aed6:   74 05 33 ff 89 78 28 48 8b 4c 24 68 48 85 c9 74
0x00007ffef570aee6:   2b 48 8d 05 6a e2 9d 00 48 89 81 98 00 00 00 80
0x00007ffef570aef6:   7c 24 78 00 74 0f b8 ff ff fe ff f0 0f c1 81 94
0x00007ffef570af06:   00 00 00 eb 07 f0 ff 89 94 00 00 00 48 8b 44 24
0x00007ffef570af16:   70 48 85 c0 74 07 f0 ff 88 90 00 00 00 32 c0 e9
0x00007ffef570af26:   97 fe ff ff cc cc cc cc cc cc 4c 89 4c 24 20 44
0x00007ffef570af36:   89 44 24 18 48 89 54 24 10 48 89 4c 24 08 53 56
0x00007ffef570af46:   57 41 56 41 57 48 83 ec 60 49 8b f9 45 8b f0 48
0x00007ffef570af56:   8b da 48 8b f1 48 83 fa fe 75 0e b0 01 48 83 c4
0x00007ffef570af66:   60 41 5f 41 5e 5f 5e 5b c3 48 85 db 0f 84 4c 01
0x00007ffef570af76:   00 00 48 83 fb fd 0f 84 42 01 00 00 48 89 5c 24
0x00007ffef570af86:   38 b9 01 00 00 00 33 c0 f0 0f b1 4a 28 0f 94 c0
0x00007ffef570af96:   84 c0 75 0a 48 8d 4a 28 e8 9d ec ec ff 90 48 8b
0x00007ffef570afa6:   86 20 02 00 00 0f b6 08 84 c9 74 15 48 89 7c 24
0x00007ffef570afb6:   20 45 8b ce 4c 8b c3 33 d2 48 8b ce e8 69 9f ff
0x00007ffef570afc6:   ff 48 8b 03 4c 8b cf 45 8b c6 48 8b d6 48 8b cb
0x00007ffef570afd6:   48 8b 40 50 ff 15 e0 2b 9a 00 83 3f 02 0f 85 ba
0x00007ffef570afe6:   00 00 00 8b 43 1c 48 8d 8e b9 08 00 00 80 39 00
0x00007ffef570aff6:   0f 84 a7 00 00 00 3d 00 00 00 80 0f 84 9c 00 00
0x00007ffef570b006:   00 41 3b c6 0f 85 93 00 00 00 4c 8b c3 48 8b d6
0x00007ffef570b016:   e8 c5 2a 04 00 84 c0 0f 85 80 00 00 00 0f 57 c0
0x00007ffef570b026:   f3 0f 7f 44 24 48 88 44 24 58 33 ff 48 89 7c 24
0x00007ffef570b036:   20 4c 8d 0d 32 f6 9d 00 4c 8d 44 24 48 48 8b 53
0x00007ffef570b046:   10 48 8b ce e8 e1 d9 fe ff 48 85 c0 74 07 c6 80
0x00007ffef570b056:   28 02 00 00 05 48 8b 4c 24 48 48 85 c9 74 2b 48
0x00007ffef570b066:   8d 05 ec e0 9d 00 48 89 81 98 00 00 00 80 7c 24
0x00007ffef570b076:   58 00 74 0f b8 ff ff fe ff f0 0f c1 81 94 00 00
0x00007ffef570b086:   00 eb 07 f0 ff 89 94 00 00 00 48 8b 44 24 50 48
0x00007ffef570b096:   85 c0 74 0b f0 ff 88 90 00 00 00 eb 02 33 ff c6
0x00007ffef570b0a6:   43 2c 01 89 7b 28 48 89 7c 24 38 b0 01 eb 11 48
0x00007ffef570b0b6:   8b 44 24 38 48 85 c0 74 05 33 ff 89 78 28 32 c0
0x00007ffef570b0c6:   48 83 c4 60 41 5f 41 5e 5f 5e 5b c3 cc cc cc cc 


Stack slot to memory mapping:
stack at sp + 0 slots: 0x000001a6462e46e0 points into unknown readable memory: 00 00 00 00 00 00 00 00
stack at sp + 1 slots: 0x000001a6462e46a0 points into unknown readable memory: 00 00 00 00 00 00 00 00
stack at sp + 2 slots: 0x000001a620f42040 points into unknown readable memory: b8 95 0e f6 fe 7f 00 00
stack at sp + 3 slots: 0x000001a642090720 points into unknown readable memory: 00 00 00 00 00 00 00 00
stack at sp + 4 slots: 0x000001a6208d98b0 points into unknown readable memory: d0 f9 86 20 a6 01 00 00
stack at sp + 5 slots: 0x00007ffef5725ea5 oneagentjava.dll
stack at sp + 6 slots: 0x0 is NULL
stack at sp + 7 slots: 0x000001a6462e46a0 points into unknown readable memory: 00 00 00 00 00 00 00 00


---------------  P R O C E S S  ---------------

Threads class SMR info:
_java_thread_list=0x000001a6476793e0, length=48, elements={
0x000001a621466000, 0x000001a621419800, 0x000001a621471000, 0x000001a62149e800,
0x000001a62149f000, 0x000001a6214ad800, 0x000001a6214b0800, 0x000001a6413c7800,
0x000001a641403000, 0x000001a641433000, 0x000001a641442000, 0x000001a641496800,
0x000001a6414d3000, 0x000001a6210bd000, 0x000001a645d36800, 0x000001a645d33000,
0x000001a645d34800, 0x000001a645d38000, 0x000001a645d32000, 0x000001a645d38800,
0x000001a64760c800, 0x000001a64760f000, 0x000001a647610000, 0x000001a64760c000,
0x000001a64760a000, 0x000001a64760e000, 0x000001a6479be000, 0x000001a6479ba800,
0x000001a6479b9800, 0x000001a6479bf800, 0x000001a6479c0800, 0x000001a647dda000,
0x000001a647ddb000, 0x000001a647dd9000, 0x000001a647dd8800, 0x000001a641629800,
0x000001a641628000, 0x000001a641629000, 0x000001a641624000, 0x000001a64162a800,
0x000001a641625000, 0x000001a64162d000, 0x000001a64162d800, 0x000001a64162e800,
0x000001a641627000, 0x000001a641630000, 0x000001a641625800, 0x000001a641623000
}

Java Threads: ( => current thread )
  0x000001a621466000 JavaThread "Reference Handler" daemon [_thread_blocked, id=154560, stack(0x000000101db00000,0x000000101dc00000)]
  0x000001a621419800 JavaThread "Finalizer" daemon [_thread_blocked, id=153316, stack(0x000000101dc00000,0x000000101dd00000)]
  0x000001a621471000 JavaThread "Signal Dispatcher" daemon [_thread_blocked, id=154556, stack(0x000000101dd00000,0x000000101de00000)]
  0x000001a62149e800 JavaThread "Attach Listener" daemon [_thread_blocked, id=154564, stack(0x000000101de00000,0x000000101df00000)]
  0x000001a62149f000 JavaThread "C2 CompilerThread0" daemon [_thread_blocked, id=148348, stack(0x000000101df00000,0x000000101e000000)]
  0x000001a6214ad800 JavaThread "C1 CompilerThread0" daemon [_thread_blocked, id=154568, stack(0x000000101e000000,0x000000101e100000)]
  0x000001a6214b0800 JavaThread "Sweeper thread" daemon [_thread_blocked, id=154584, stack(0x000000101e100000,0x000000101e200000)]
  0x000001a6413c7800 JavaThread "oneagentperiodiceventsmanaged" daemon [_thread_in_native, id=142152, stack(0x000000101d400000,0x000000101d500000)]
  0x000001a641403000 JavaThread "oneagentperiodicrequests" daemon [_thread_in_native, id=154544, stack(0x000000101cf00000,0x000000101d000000)]
  0x000001a641433000 JavaThread "oneagentperiodicurls" daemon [_thread_in_native, id=154508, stack(0x000000101d000000,0x000000101d100000)]
  0x000001a641442000 JavaThread "Common-Cleaner" daemon [_thread_blocked, id=154516, stack(0x000000101e300000,0x000000101e400000)]
  0x000001a641496800 JavaThread "Service Thread" daemon [_thread_blocked, id=154548, stack(0x000000101e400000,0x000000101e500000)]
  0x000001a6414d3000 JavaThread "oneagentsubpathsender 1.195.133.20200624-152027" daemon [_thread_in_native, id=154512, stack(0x000000101d200000,0x000000101d300000)]
  0x000001a6210bd000 JavaThread "oneagentautosensor" daemon [_thread_in_native, id=137032, stack(0x000000101d300000,0x000000101d400000)]
=>0x000001a645d36800 JavaThread "dynatrace-metrics-publisher" daemon [_thread_in_native, id=154172, stack(0x000000101ec00000,0x000000101ed00000)]
  0x000001a645d33000 JavaThread "spring.cloud.inetutils" daemon [_thread_blocked, id=154424, stack(0x000000101ed00000,0x000000101ee00000)]
  0x000001a645d34800 JavaThread "javamelody" daemon [_thread_blocked, id=154352, stack(0x000000101ee00000,0x000000101ef00000)]
  0x000001a645d38000 JavaThread "Catalina-utility-1" [_thread_blocked, id=154196, stack(0x000000101e600000,0x000000101e700000)]
  0x000001a645d32000 JavaThread "Catalina-utility-2" [_thread_blocked, id=150164, stack(0x000000101ea00000,0x000000101eb00000)]
  0x000001a645d38800 JavaThread "container-0" [_thread_blocked, id=154572, stack(0x000000101ef00000,0x000000101f000000)]
  0x000001a64760c800 JavaThread "Apache-HttpClient-Conn-Cleaner2" daemon [_thread_blocked, id=154260, stack(0x000000101f800000,0x000000101f900000)]
  0x000001a64760f000 JavaThread "AsyncResolver-bootstrap-0" daemon [_thread_blocked, id=139300, stack(0x000000101f900000,0x000000101fa00000)]
  0x000001a647610000 JavaThread "DiscoveryClient-0" daemon [_thread_blocked, id=154204, stack(0x000000101f000000,0x000000101f100000)]
  0x000001a64760c000 JavaThread "DiscoveryClient-1" daemon [_thread_blocked, id=154128, stack(0x000000101f100000,0x000000101f200000)]
  0x000001a64760a000 JavaThread "DiscoveryClient-InstanceInfoReplicator-0" daemon [_thread_blocked, id=153920, stack(0x000000101fa00000,0x000000101fb00000)]
  0x000001a64760e000 JavaThread "http-nio-9091-BlockPoller" daemon [_thread_in_native, id=146860, stack(0x000000101fd00000,0x000000101fe00000)]
  0x000001a6479be000 JavaThread "http-nio-9091-exec-6" daemon [_thread_blocked, id=148372, stack(0x0000001020300000,0x0000001020400000)]
  0x000001a6479ba800 JavaThread "http-nio-9091-exec-8" daemon [_thread_blocked, id=148104, stack(0x0000001020500000,0x0000001020600000)]
  0x000001a6479b9800 JavaThread "http-nio-9091-exec-9" daemon [_thread_blocked, id=150280, stack(0x0000001020600000,0x0000001020700000)]
  0x000001a6479bf800 JavaThread "http-nio-9091-ClientPoller" daemon [_thread_in_native, id=143516, stack(0x0000001020800000,0x0000001020900000)]
  0x000001a6479c0800 JavaThread "http-nio-9091-Acceptor" daemon [_thread_in_native, id=152780, stack(0x0000001020900000,0x0000001020a00000)]
  0x000001a647dda000 JavaThread "DiscoveryClient-HeartbeatExecutor-0" daemon [_thread_blocked, id=152632, stack(0x000000101fb00000,0x000000101fc00000)]
  0x000001a647ddb000 JavaThread "DestroyJavaVM" [_thread_blocked, id=152256, stack(0x000000101cb00000,0x000000101cc00000)]
  0x000001a647dd9000 JavaThread "DiscoveryClient-CacheRefreshExecutor-0" daemon [_thread_blocked, id=154488, stack(0x000000101fc00000,0x000000101fd00000)]
  0x000001a647dd8800 JavaThread "oneagent-httpUrlConnection" daemon [_thread_blocked, id=154748, stack(0x0000001020a00000,0x0000001020b00000)]
  0x000001a641629800 JavaThread "AsyncResolver-bootstrap-executor-0" daemon [_thread_blocked, id=147404, stack(0x0000001021600000,0x0000001021700000)]
  0x000001a641628000 JavaThread "http-nio-9091-exec-27" daemon [_thread_blocked, id=227356, stack(0x000000101ff00000,0x0000001020000000)]
  0x000001a641629000 JavaThread "http-nio-9091-exec-29" daemon [_thread_blocked, id=155388, stack(0x0000001020100000,0x0000001020200000)]
  0x000001a641624000 JavaThread "http-nio-9091-exec-30" daemon [_thread_blocked, id=215848, stack(0x0000001020400000,0x0000001020500000)]
  0x000001a64162a800 JavaThread "http-nio-9091-exec-31" daemon [_thread_blocked, id=224064, stack(0x0000001020c00000,0x0000001020d00000)]
  0x000001a641625000 JavaThread "http-nio-9091-exec-33" daemon [_thread_blocked, id=232516, stack(0x0000001021000000,0x0000001021100000)]
  0x000001a64162d000 JavaThread "http-nio-9091-exec-35" daemon [_thread_blocked, id=232188, stack(0x0000001020200000,0x0000001020300000)]
  0x000001a64162d800 JavaThread "http-nio-9091-exec-36" daemon [_thread_blocked, id=234672, stack(0x000000101f600000,0x000000101f700000)]
  0x000001a64162e800 JavaThread "http-nio-9091-exec-37" daemon [_thread_blocked, id=234272, stack(0x0000001020d00000,0x0000001020e00000)]
  0x000001a641627000 JavaThread "http-nio-9091-exec-38" daemon [_thread_blocked, id=232860, stack(0x0000001020f00000,0x0000001021000000)]
  0x000001a641630000 JavaThread "http-nio-9091-exec-39" daemon [_thread_blocked, id=234732, stack(0x0000001021100000,0x0000001021200000)]
  0x000001a641625800 JavaThread "http-nio-9091-exec-40" daemon [_thread_blocked, id=234760, stack(0x0000001021300000,0x0000001021400000)]
  0x000001a641623000 JavaThread "http-nio-9091-exec-41" daemon [_thread_blocked, id=217444, stack(0x000000101f700000,0x000000101f800000)]

Other Threads:
  0x000001a621465800 VMThread "VM Thread" [stack: 0x000000101da00000,0x000000101db00000] [id=154552]
  0x000001a641475800 WatcherThread [stack: 0x000000101e500000,0x000000101e600000] [id=137780]
  0x000001a621121800 GCTaskThread "GC Thread#0" [stack: 0x000000101d500000,0x000000101d600000] [id=137384]
  0x000001a6422d1800 GCTaskThread "GC Thread#1" [stack: 0x000000101e800000,0x000000101e900000] [id=153132]
  0x000001a6422d2000 GCTaskThread "GC Thread#2" [stack: 0x000000101e900000,0x000000101ea00000] [id=154612]
  0x000001a6422d3000 GCTaskThread "GC Thread#3" [stack: 0x000000101eb00000,0x000000101ec00000] [id=153328]
  0x000001a64375b000 GCTaskThread "GC Thread#4" [stack: 0x000000101f200000,0x000000101f300000] [id=152952]
  0x000001a643759000 GCTaskThread "GC Thread#5" [stack: 0x000000101f300000,0x000000101f400000] [id=153960]
  0x000001a64375e800 GCTaskThread "GC Thread#6" [stack: 0x000000101f400000,0x000000101f500000] [id=154456]
  0x000001a64375f000 GCTaskThread "GC Thread#7" [stack: 0x000000101f500000,0x000000101f600000] [id=152544]
  0x000001a621127800 ConcurrentGCThread "G1 Main Marker" [stack: 0x000000101d600000,0x000000101d700000] [id=151344]
  0x000001a62113f800 ConcurrentGCThread "G1 Conc#0" [stack: 0x000000101d700000,0x000000101d800000] [id=154136]
  0x000001a6422d3800 ConcurrentGCThread "G1 Conc#1" [stack: 0x000000101e700000,0x000000101e800000] [id=153892]
  0x000001a6211a9000 ConcurrentGCThread "G1 Refine#0" [stack: 0x000000101d800000,0x000000101d900000] [id=136252]
  0x000001a6211aa000 ConcurrentGCThread "G1 Young RemSet Sampling" [stack: 0x000000101d900000,0x000000101da00000] [id=136416]

Threads with active compile tasks:

VM state:not at safepoint (normal execution)

VM Mutex/Monitor currently owned by a thread: None

Heap address: 0x0000000082600000, size: 2010 MB, Compressed Oops mode: 32-bit
Narrow klass base: 0x0000000000000000, Narrow klass shift: 3
Compressed class space size: 1073741824 Address: 0x0000000100000000

Heap:
 garbage-first heap   total 100352K, used 47990K [0x0000000082600000, 0x0000000100000000)
  region size 1024K, 11 young (11264K), 4 survivors (4096K)
 Metaspace       used 83794K, capacity 85418K, committed 85760K, reserved 1124352K
  class space    used 9534K, capacity 10155K, committed 10240K, reserved 1048576K
Heap Regions: E=young(eden), S=young(survivor), O=old, HS=humongous(starts), HC=humongous(continues), CS=collection set, F=free, A=archive, TAMS=top-at-mark-start (previous, next)
|   0|0x0000000082600000, 0x0000000082700000, 0x0000000082700000|100%| O|  |TAMS 0x0000000082700000, 0x0000000082600000| Untracked 
|   1|0x0000000082700000, 0x0000000082800000, 0x0000000082800000|100%| O|  |TAMS 0x0000000082700000, 0x0000000082700000| Untracked 
|   2|0x0000000082800000, 0x0000000082900000, 0x0000000082900000|100%| O|  |TAMS 0x0000000082900000, 0x0000000082800000| Untracked 
|   3|0x0000000082900000, 0x0000000082a00000, 0x0000000082a00000|100%| O|  |TAMS 0x0000000082a00000, 0x0000000082900000| Untracked 
|   4|0x0000000082a00000, 0x0000000082b00000, 0x0000000082b00000|100%| O|  |TAMS 0x0000000082b00000, 0x0000000082a00000| Untracked 
|   5|0x0000000082b00000, 0x0000000082c00000, 0x0000000082c00000|100%| O|  |TAMS 0x0000000082c00000, 0x0000000082b00000| Untracked 
|   6|0x0000000082c00000, 0x0000000082d00000, 0x0000000082d00000|100%| O|  |TAMS 0x0000000082d00000, 0x0000000082c00000| Untracked 
|   7|0x0000000082d00000, 0x0000000082d00000, 0x0000000082e00000|  0%| F|  |TAMS 0x0000000082d00000, 0x0000000082d00000| Untracked 
|   8|0x0000000082e00000, 0x0000000082f00000, 0x0000000082f00000|100%| O|  |TAMS 0x0000000082f00000, 0x0000000082e00000| Untracked 
|   9|0x0000000082f00000, 0x0000000083000000, 0x0000000083000000|100%| O|  |TAMS 0x0000000083000000, 0x0000000082f00000| Untracked 
|  10|0x0000000083000000, 0x0000000083100000, 0x0000000083100000|100%| O|  |TAMS 0x0000000083100000, 0x0000000083000000| Untracked 
|  11|0x0000000083100000, 0x0000000083200000, 0x0000000083200000|100%| O|  |TAMS 0x0000000083200000, 0x0000000083100000| Untracked 
|  12|0x0000000083200000, 0x0000000083200000, 0x0000000083300000|  0%| F|  |TAMS 0x0000000083200000, 0x0000000083200000| Untracked 
|  13|0x0000000083300000, 0x0000000083400000, 0x0000000083400000|100%| O|  |TAMS 0x0000000083300000, 0x0000000083300000| Untracked 
|  14|0x0000000083400000, 0x0000000083500000, 0x0000000083500000|100%| O|  |TAMS 0x0000000083400000, 0x0000000083400000| Untracked 
|  15|0x0000000083500000, 0x0000000083600000, 0x0000000083600000|100%| O|  |TAMS 0x0000000083600000, 0x0000000083500000| Untracked 
|  16|0x0000000083600000, 0x0000000083700000, 0x0000000083700000|100%| O|  |TAMS 0x0000000083700000, 0x0000000083600000| Untracked 
|  17|0x0000000083700000, 0x0000000083800000, 0x0000000083800000|100%| O|  |TAMS 0x0000000083800000, 0x0000000083700000| Untracked 
|  18|0x0000000083800000, 0x0000000083900000, 0x0000000083900000|100%| O|  |TAMS 0x0000000083900000, 0x0000000083800000| Untracked 
|  19|0x0000000083900000, 0x0000000083a00000, 0x0000000083a00000|100%| O|  |TAMS 0x0000000083a00000, 0x0000000083900000| Untracked 
|  20|0x0000000083a00000, 0x0000000083b00000, 0x0000000083b00000|100%| O|  |TAMS 0x0000000083b00000, 0x0000000083a00000| Untracked 
|  21|0x0000000083b00000, 0x0000000083c00000, 0x0000000083c00000|100%| O|  |TAMS 0x0000000083c00000, 0x0000000083b00000| Untracked 
|  22|0x0000000083c00000, 0x0000000083d00000, 0x0000000083d00000|100%| O|  |TAMS 0x0000000083d00000, 0x0000000083c00000| Untracked 
|  23|0x0000000083d00000, 0x0000000083e00000, 0x0000000083e00000|100%| O|  |TAMS 0x0000000083e00000, 0x0000000083d00000| Untracked 
|  24|0x0000000083e00000, 0x0000000083e00000, 0x0000000083f00000|  0%| F|  |TAMS 0x0000000083e00000, 0x0000000083e00000| Untracked 
|  25|0x0000000083f00000, 0x0000000083f00000, 0x0000000084000000|  0%| F|  |TAMS 0x0000000083f00000, 0x0000000083f00000| Untracked 
|  26|0x0000000084000000, 0x0000000084100000, 0x0000000084100000|100%| O|  |TAMS 0x0000000084000000, 0x0000000084000000| Untracked 
|  27|0x0000000084100000, 0x0000000084200000, 0x0000000084200000|100%| O|  |TAMS 0x0000000084100000, 0x0000000084100000| Untracked 
|  28|0x0000000084200000, 0x0000000084300000, 0x0000000084300000|100%| O|  |TAMS 0x0000000084300000, 0x0000000084200000| Untracked 
|  29|0x0000000084300000, 0x0000000084400000, 0x0000000084400000|100%| O|  |TAMS 0x0000000084400000, 0x0000000084300000| Untracked 
|  30|0x0000000084400000, 0x0000000084500000, 0x0000000084500000|100%| O|  |TAMS 0x0000000084400000, 0x0000000084400000| Untracked 
|  31|0x0000000084500000, 0x0000000084600000, 0x0000000084600000|100%| O|  |TAMS 0x0000000084600000, 0x0000000084500000| Untracked 
|  32|0x0000000084600000, 0x00000000846b2600, 0x0000000084700000| 69%| O|  |TAMS 0x0000000084600000, 0x0000000084600000| Untracked 
|  33|0x0000000084700000, 0x0000000084700000, 0x0000000084800000|  0%| F|  |TAMS 0x0000000084700000, 0x0000000084700000| Untracked 
|  34|0x0000000084800000, 0x0000000084800000, 0x0000000084900000|  0%| F|  |TAMS 0x0000000084800000, 0x0000000084800000| Untracked 
|  35|0x0000000084900000, 0x0000000084900000, 0x0000000084a00000|  0%| F|  |TAMS 0x0000000084900000, 0x0000000084900000| Untracked 
|  36|0x0000000084a00000, 0x0000000084a00000, 0x0000000084b00000|  0%| F|  |TAMS 0x0000000084a00000, 0x0000000084a00000| Untracked 
|  37|0x0000000084b00000, 0x0000000084b00000, 0x0000000084c00000|  0%| F|  |TAMS 0x0000000084b00000, 0x0000000084b00000| Untracked 
|  38|0x0000000084c00000, 0x0000000084c00000, 0x0000000084d00000|  0%| F|  |TAMS 0x0000000084c00000, 0x0000000084c00000| Untracked 
|  39|0x0000000084d00000, 0x0000000084e00000, 0x0000000084e00000|100%| O|  |TAMS 0x0000000084e00000, 0x0000000084d00000| Untracked 
|  40|0x0000000084e00000, 0x0000000084e00000, 0x0000000084f00000|  0%| F|  |TAMS 0x0000000084e00000, 0x0000000084e00000| Untracked 
|  41|0x0000000084f00000, 0x0000000085000000, 0x0000000085000000|100%| O|  |TAMS 0x0000000085000000, 0x0000000084f00000| Untracked 
|  42|0x0000000085000000, 0x0000000085000000, 0x0000000085100000|  0%| F|  |TAMS 0x0000000085000000, 0x0000000085000000| Untracked 
|  43|0x0000000085100000, 0x0000000085100000, 0x0000000085200000|  0%| F|  |TAMS 0x0000000085100000, 0x0000000085100000| Untracked 
|  44|0x0000000085200000, 0x0000000085300000, 0x0000000085300000|100%| O|  |TAMS 0x000000008520ba00, 0x0000000085200000| Untracked 
|  45|0x0000000085300000, 0x0000000085400000, 0x0000000085400000|100%| O|  |TAMS 0x0000000085300000, 0x0000000085300000| Untracked 
|  46|0x0000000085400000, 0x0000000085500000, 0x0000000085500000|100%| O|  |TAMS 0x0000000085400000, 0x0000000085400000| Untracked 
|  47|0x0000000085500000, 0x0000000085600000, 0x0000000085600000|100%| O|  |TAMS 0x0000000085500000, 0x0000000085500000| Untracked 
|  48|0x0000000085600000, 0x0000000085700000, 0x0000000085700000|100%| O|  |TAMS 0x0000000085600000, 0x0000000085600000| Untracked 
|  49|0x0000000085700000, 0x0000000085800000, 0x0000000085800000|100%| O|  |TAMS 0x0000000085700000, 0x0000000085700000| Untracked 
|  50|0x0000000085800000, 0x0000000085900000, 0x0000000085900000|100%| O|  |TAMS 0x0000000085800000, 0x0000000085800000| Untracked 
|  51|0x0000000085900000, 0x000000008592b350, 0x0000000085a00000| 16%| S|CS|TAMS 0x0000000085900000, 0x0000000085900000| Complete 
|  52|0x0000000085a00000, 0x0000000085a00000, 0x0000000085b00000|  0%| F|  |TAMS 0x0000000085a00000, 0x0000000085a00000| Untracked 
|  53|0x0000000085b00000, 0x0000000085b00000, 0x0000000085c00000|  0%| F|  |TAMS 0x0000000085b00000, 0x0000000085b00000| Untracked 
|  54|0x0000000085c00000, 0x0000000085c00000, 0x0000000085d00000|  0%| F|  |TAMS 0x0000000085c00000, 0x0000000085c00000| Untracked 
|  55|0x0000000085d00000, 0x0000000085e00000, 0x0000000085e00000|100%| S|CS|TAMS 0x0000000085d00000, 0x0000000085d00000| Complete 
|  56|0x0000000085e00000, 0x0000000085f00000, 0x0000000085f00000|100%| S|CS|TAMS 0x0000000085e00000, 0x0000000085e00000| Complete 
|  57|0x0000000085f00000, 0x0000000086000000, 0x0000000086000000|100%| S|CS|TAMS 0x0000000085f00000, 0x0000000085f00000| Complete 
|  58|0x0000000086000000, 0x0000000086000000, 0x0000000086100000|  0%| F|  |TAMS 0x0000000086000000, 0x0000000086000000| Untracked 
|  59|0x0000000086100000, 0x0000000086100000, 0x0000000086200000|  0%| F|  |TAMS 0x0000000086100000, 0x0000000086100000| Untracked 
|  60|0x0000000086200000, 0x0000000086200000, 0x0000000086300000|  0%| F|  |TAMS 0x0000000086200000, 0x0000000086200000| Untracked 
|  61|0x0000000086300000, 0x0000000086300000, 0x0000000086400000|  0%| F|  |TAMS 0x0000000086300000, 0x0000000086300000| Untracked 
|  62|0x0000000086400000, 0x0000000086400000, 0x0000000086500000|  0%| F|  |TAMS 0x0000000086400000, 0x0000000086400000| Untracked 
|  63|0x0000000086500000, 0x0000000086500000, 0x0000000086600000|  0%| F|  |TAMS 0x0000000086500000, 0x0000000086500000| Untracked 
|  64|0x0000000086600000, 0x0000000086600000, 0x0000000086700000|  0%| F|  |TAMS 0x0000000086600000, 0x0000000086600000| Untracked 
|  65|0x0000000086700000, 0x0000000086700000, 0x0000000086800000|  0%| F|  |TAMS 0x0000000086700000, 0x0000000086700000| Untracked 
|  66|0x0000000086800000, 0x0000000086800000, 0x0000000086900000|  0%| F|  |TAMS 0x0000000086800000, 0x0000000086800000| Untracked 
|  67|0x0000000086900000, 0x0000000086900000, 0x0000000086a00000|  0%| F|  |TAMS 0x0000000086900000, 0x0000000086900000| Untracked 
|  68|0x0000000086a00000, 0x0000000086a00000, 0x0000000086b00000|  0%| F|  |TAMS 0x0000000086a00000, 0x0000000086a00000| Untracked 
|  69|0x0000000086b00000, 0x0000000086b00000, 0x0000000086c00000|  0%| F|  |TAMS 0x0000000086b00000, 0x0000000086b00000| Untracked 
|  70|0x0000000086c00000, 0x0000000086c00000, 0x0000000086d00000|  0%| F|  |TAMS 0x0000000086c00000, 0x0000000086c00000| Untracked 
|  71|0x0000000086d00000, 0x0000000086d00000, 0x0000000086e00000|  0%| F|  |TAMS 0x0000000086d00000, 0x0000000086d00000| Untracked 
|  72|0x0000000086e00000, 0x0000000086e00000, 0x0000000086f00000|  0%| F|  |TAMS 0x0000000086e00000, 0x0000000086e00000| Untracked 
|  73|0x0000000086f00000, 0x0000000086f00000, 0x0000000087000000|  0%| F|  |TAMS 0x0000000086f00000, 0x0000000086f00000| Untracked 
|  74|0x0000000087000000, 0x0000000087000000, 0x0000000087100000|  0%| F|  |TAMS 0x0000000087000000, 0x0000000087000000| Untracked 
|  75|0x0000000087100000, 0x0000000087100000, 0x0000000087200000|  0%| F|  |TAMS 0x0000000087100000, 0x0000000087100000| Untracked 
|  76|0x0000000087200000, 0x0000000087200000, 0x0000000087300000|  0%| F|  |TAMS 0x0000000087200000, 0x0000000087200000| Untracked 
|  77|0x0000000087300000, 0x0000000087300000, 0x0000000087400000|  0%| F|  |TAMS 0x0000000087300000, 0x0000000087300000| Untracked 
|  78|0x0000000087400000, 0x0000000087400000, 0x0000000087500000|  0%| F|  |TAMS 0x0000000087400000, 0x0000000087400000| Untracked 
|  79|0x0000000087500000, 0x0000000087500000, 0x0000000087600000|  0%| F|  |TAMS 0x0000000087500000, 0x0000000087500000| Untracked 
|  80|0x0000000087600000, 0x0000000087600000, 0x0000000087700000|  0%| F|  |TAMS 0x0000000087600000, 0x0000000087600000| Untracked 
|  81|0x0000000087700000, 0x0000000087700000, 0x0000000087800000|  0%| F|  |TAMS 0x0000000087700000, 0x0000000087700000| Untracked 
|  82|0x0000000087800000, 0x0000000087800000, 0x0000000087900000|  0%| F|  |TAMS 0x0000000087800000, 0x0000000087800000| Untracked 
|  83|0x0000000087900000, 0x0000000087900000, 0x0000000087a00000|  0%| F|  |TAMS 0x0000000087900000, 0x0000000087900000| Untracked 
|  84|0x0000000087a00000, 0x0000000087a00000, 0x0000000087b00000|  0%| F|  |TAMS 0x0000000087a00000, 0x0000000087a00000| Untracked 
|  85|0x0000000087b00000, 0x0000000087b00000, 0x0000000087c00000|  0%| F|  |TAMS 0x0000000087b00000, 0x0000000087b00000| Untracked 
|  86|0x0000000087c00000, 0x0000000087c00000, 0x0000000087d00000|  0%| F|  |TAMS 0x0000000087c00000, 0x0000000087c00000| Untracked 
|  87|0x0000000087d00000, 0x0000000087d00000, 0x0000000087e00000|  0%| F|  |TAMS 0x0000000087d00000, 0x0000000087d00000| Untracked 
|  88|0x0000000087e00000, 0x0000000087e00000, 0x0000000087f00000|  0%| F|  |TAMS 0x0000000087e00000, 0x0000000087e00000| Untracked 
|  89|0x0000000087f00000, 0x0000000087f00000, 0x0000000088000000|  0%| F|  |TAMS 0x0000000087f00000, 0x0000000087f00000| Untracked 
|  90|0x0000000088000000, 0x0000000088000000, 0x0000000088100000|  0%| F|  |TAMS 0x0000000088000000, 0x0000000088000000| Untracked 
|  91|0x0000000088100000, 0x00000000881abf28, 0x0000000088200000| 67%| E|  |TAMS 0x0000000088100000, 0x0000000088100000| Complete 
|  92|0x0000000088200000, 0x0000000088300000, 0x0000000088300000|100%| E|CS|TAMS 0x0000000088200000, 0x0000000088200000| Complete 
|  93|0x0000000088300000, 0x0000000088400000, 0x0000000088400000|100%| E|CS|TAMS 0x0000000088300000, 0x0000000088300000| Complete 
| 117|0x0000000089b00000, 0x0000000089c00000, 0x0000000089c00000|100%| E|CS|TAMS 0x0000000089b00000, 0x0000000089b00000| Complete 
| 118|0x0000000089c00000, 0x0000000089d00000, 0x0000000089d00000|100%| E|CS|TAMS 0x0000000089c00000, 0x0000000089c00000| Complete 
| 119|0x0000000089d00000, 0x0000000089e00000, 0x0000000089e00000|100%| E|CS|TAMS 0x0000000089d00000, 0x0000000089d00000| Complete 
| 125|0x000000008a300000, 0x000000008a400000, 0x000000008a400000|100%| E|CS|TAMS 0x000000008a300000, 0x000000008a300000| Complete 

Card table byte_map: [0x000001a639aa0000,0x000001a639e90000] _byte_map_base: 0x000001a63968d000

Marking Bits (Prev, Next): (CMBitMap*) 0x000001a6211221b8, (CMBitMap*) 0x000001a6211221f8
 Prev Bits: [0x000001a63a280000, 0x000001a63c1e8000)
 Next Bits: [0x000001a63c1f0000, 0x000001a63e158000)

Polling page: 0x000001a61e8e0000

Metaspace:

Usage:
  Non-class:     73.50 MB capacity,    72.52 MB ( 99%) used,   774.23 KB (  1%) free+waste,   228.69 KB ( <1%) overhead. 
      Class:      9.92 MB capacity,     9.31 MB ( 94%) used,   526.38 KB (  5%) free+waste,    94.56 KB ( <1%) overhead. 
       Both:     83.42 MB capacity,    81.83 MB ( 98%) used,     1.27 MB (  2%) free+waste,   323.25 KB ( <1%) overhead. 

Virtual space:
  Non-class space:       74.00 MB reserved,      73.75 MB (>99%) committed 
      Class space:        1.00 GB reserved,      10.00 MB ( <1%) committed 
             Both:        1.07 GB reserved,      83.75 MB (  8%) committed 

Chunk freelists:
   Non-Class:  193.00 KB
       Class:  85.00 KB
        Both:  278.00 KB

MaxMetaspaceSize: 17179869184.00 GB
CompressedClassSpaceSize: 1.00 GB

CodeHeap 'non-profiled nmethods': size=120000Kb used=17448Kb max_used=17510Kb free=102552Kb
 bounds [0x000001a631710000, 0x000001a632830000, 0x000001a638c40000]
CodeHeap 'profiled nmethods': size=120000Kb used=25460Kb max_used=26904Kb free=94539Kb
 bounds [0x000001a62a1e0000, 0x000001a62bc40000, 0x000001a631710000]
CodeHeap 'non-nmethods': size=5760Kb used=1429Kb max_used=1497Kb free=4330Kb
 bounds [0x000001a629c40000, 0x000001a629eb0000, 0x000001a62a1e0000]
 total_blobs=26077 nmethods=13103 adapters=647
 compilation: enabled
              stopped_count=0, restarted_count=0
 full_count=0

Compilation events (20 events):
Event: 39690.832 Thread 0x000001a6214ad800 17849       3       ch.qos.logback.classic.spi.StackTraceElementProxy::getSTEAsString (41 bytes)
Event: 39690.834 Thread 0x000001a6214ad800 nmethod 17849 0x000001a62b3c4e90 code [0x000001a62b3c50e0, 0x000001a62b3c5980]
Event: 39690.912 Thread 0x000001a6214ad800 17850       3       ch.qos.logback.classic.spi.ThrowableProxyUtil::steArrayToStepArray (44 bytes)
Event: 39690.915 Thread 0x000001a62149f000 17851       4       sun.net.www.ParseUtil::encodePath (361 bytes)
Event: 39690.916 Thread 0x000001a6214ad800 nmethod 17850 0x000001a62b3c4290 code [0x000001a62b3c4480, 0x000001a62b3c4c30]
Event: 39690.954 Thread 0x000001a62149f000 nmethod 17851 0x000001a63205af10 code [0x000001a63205b100, 0x000001a63205bce8]
Event: 39690.965 Thread 0x000001a6214ad800 17852       3       ch.qos.logback.classic.spi.STEUtil::findNumberOfCommonFrames (57 bytes)
Event: 39690.967 Thread 0x000001a6214ad800 nmethod 17852 0x000001a62b663b90 code [0x000001a62b663d60, 0x000001a62b6640f0]
Event: 39690.967 Thread 0x000001a6214ad800 17853       3       ch.qos.logback.classic.spi.PackagingDataCalculator::populateFrames (186 bytes)
Event: 39690.987 Thread 0x000001a6214ad800 nmethod 17853 0x000001a62b3c1e90 code [0x000001a62b3c2200, 0x000001a62b3c39a0]
Event: 39690.991 Thread 0x000001a62149f000 17854       4       java.lang.ClassLoader::definePackage (85 bytes)
Event: 39691.019 Thread 0x000001a6214ad800 17855       3       com.compuware.apm.agent.util.StackTraceSerialization::serialize (315 bytes)
Event: 58169.597 Thread 0x000001a62149f000 nmethod 17854 0x000001a632059c10 code [0x000001a632059e20, 0x000001a63205a840]
Event: 58169.607 Thread 0x000001a6214ad800 nmethod 17855 0x000001a62b767990 code [0x000001a62b767ec0, 0x000001a62b76ac10]
Event: 58170.326 Thread 0x000001a6214ad800 17856       3       java.util.concurrent.locks.AbstractQueuedSynchronizer::doReleaseShared (79 bytes)
Event: 58170.329 Thread 0x000001a6214ad800 nmethod 17856 0x000001a62b766090 code [0x000001a62b766380, 0x000001a62b7673f0]
Event: 58170.460 Thread 0x000001a62149f000 17858       4       java.util.concurrent.ScheduledThreadPoolExecutor$DelayedWorkQueue::take (5 bytes)
Event: 58170.546 Thread 0x000001a62149f000 nmethod 17858 0x000001a631f68a10 code [0x000001a631f68cc0, 0x000001a631f6a698]
Event: 58170.547 Thread 0x000001a62149f000 17859   !   4       java.util.concurrent.ScheduledThreadPoolExecutor$DelayedWorkQueue::take (203 bytes)
Event: 58170.626 Thread 0x000001a62149f000 nmethod 17859 0x000001a631f65f10 code [0x000001a631f661c0, 0x000001a631f67b58]

GC Heap History (20 events):
Event: 25771.511 GC heap before
{Heap before GC invocations=225 (full 0):
 garbage-first heap   total 100352K, used 81455K [0x0000000082600000, 0x0000000100000000)
  region size 1024K, 43 young (44032K), 3 survivors (3072K)
 Metaspace       used 83732K, capacity 85415K, committed 85760K, reserved 1124352K
  class space    used 9530K, capacity 10154K, committed 10240K, reserved 1048576K
}
Event: 25771.513 GC heap after
{Heap after GC invocations=226 (full 0):
 garbage-first heap   total 100352K, used 41561K [0x0000000082600000, 0x0000000100000000)
  region size 1024K, 3 young (3072K), 3 survivors (3072K)
 Metaspace       used 83732K, capacity 85415K, committed 85760K, reserved 1124352K
  class space    used 9530K, capacity 10154K, committed 10240K, reserved 1048576K
}
Event: 25929.238 GC heap before
{Heap before GC invocations=226 (full 0):
 garbage-first heap   total 100352K, used 81497K [0x0000000082600000, 0x0000000100000000)
  region size 1024K, 43 young (44032K), 3 survivors (3072K)
 Metaspace       used 83767K, capacity 85418K, committed 85760K, reserved 1124352K
  class space    used 9530K, capacity 10155K, committed 10240K, reserved 1048576K
}
Event: 25929.240 GC heap after
{Heap after GC invocations=227 (full 0):
 garbage-first heap   total 100352K, used 41309K [0x0000000082600000, 0x0000000100000000)
  region size 1024K, 3 young (3072K), 3 survivors (3072K)
 Metaspace       used 83767K, capacity 85418K, committed 85760K, reserved 1124352K
  class space    used 9530K, capacity 10155K, committed 10240K, reserved 1048576K
}
Event: 26068.717 GC heap before
{Heap before GC invocations=227 (full 0):
 garbage-first heap   total 100352K, used 82269K [0x0000000082600000, 0x0000000100000000)
  region size 1024K, 43 young (44032K), 3 survivors (3072K)
 Metaspace       used 83767K, capacity 85418K, committed 85760K, reserved 1124352K
  class space    used 9530K, capacity 10155K, committed 10240K, reserved 1048576K
}
Event: 26068.719 GC heap after
{Heap after GC invocations=228 (full 0):
 garbage-first heap   total 100352K, used 41915K [0x0000000082600000, 0x0000000100000000)
  region size 1024K, 4 young (4096K), 4 survivors (4096K)
 Metaspace       used 83767K, capacity 85418K, committed 85760K, reserved 1124352K
  class space    used 9530K, capacity 10155K, committed 10240K, reserved 1048576K
}
Event: 26217.819 GC heap before
{Heap before GC invocations=228 (full 0):
 garbage-first heap   total 100352K, used 81851K [0x0000000082600000, 0x0000000100000000)
  region size 1024K, 43 young (44032K), 4 survivors (4096K)
 Metaspace       used 83767K, capacity 85418K, committed 85760K, reserved 1124352K
  class space    used 9530K, capacity 10155K, committed 10240K, reserved 1048576K
}
Event: 26217.824 GC heap after
{Heap after GC invocations=229 (full 0):
 garbage-first heap   total 100352K, used 41668K [0x0000000082600000, 0x0000000100000000)
  region size 1024K, 3 young (3072K), 3 survivors (3072K)
 Metaspace       used 83767K, capacity 85418K, committed 85760K, reserved 1124352K
  class space    used 9530K, capacity 10155K, committed 10240K, reserved 1048576K
}
Event: 26372.989 GC heap before
{Heap before GC invocations=229 (full 0):
 garbage-first heap   total 100352K, used 82628K [0x0000000082600000, 0x0000000100000000)
  region size 1024K, 43 young (44032K), 3 survivors (3072K)
 Metaspace       used 83767K, capacity 85418K, committed 85760K, reserved 1124352K
  class space    used 9530K, capacity 10155K, committed 10240K, reserved 1048576K
}
Event: 26372.993 GC heap after
{Heap after GC invocations=230 (full 0):
 garbage-first heap   total 100352K, used 41805K [0x0000000082600000, 0x0000000100000000)
  region size 1024K, 4 young (4096K), 4 survivors (4096K)
 Metaspace       used 83767K, capacity 85418K, committed 85760K, reserved 1124352K
  class space    used 9530K, capacity 10155K, committed 10240K, reserved 1048576K
}
Event: 26524.465 GC heap before
{Heap before GC invocations=230 (full 0):
 garbage-first heap   total 100352K, used 81741K [0x0000000082600000, 0x0000000100000000)
  region size 1024K, 43 young (44032K), 4 survivors (4096K)
 Metaspace       used 83767K, capacity 85418K, committed 85760K, reserved 1124352K
  class space    used 9530K, capacity 10155K, committed 10240K, reserved 1048576K
}
Event: 26524.468 GC heap after
{Heap after GC invocations=231 (full 0):
 garbage-first heap   total 100352K, used 41668K [0x0000000082600000, 0x0000000100000000)
  region size 1024K, 3 young (3072K), 3 survivors (3072K)
 Metaspace       used 83767K, capacity 85418K, committed 85760K, reserved 1124352K
  class space    used 9530K, capacity 10155K, committed 10240K, reserved 1048576K
}
Event: 26671.113 GC heap before
{Heap before GC invocations=231 (full 0):
 garbage-first heap   total 100352K, used 81604K [0x0000000082600000, 0x0000000100000000)
  region size 1024K, 43 young (44032K), 3 survivors (3072K)
 Metaspace       used 83767K, capacity 85418K, committed 85760K, reserved 1124352K
  class space    used 9530K, capacity 10155K, committed 10240K, reserved 1048576K
}
Event: 26671.115 GC heap after
{Heap after GC invocations=232 (full 0):
 garbage-first heap   total 100352K, used 41873K [0x0000000082600000, 0x0000000100000000)
  region size 1024K, 4 young (4096K), 4 survivors (4096K)
 Metaspace       used 83767K, capacity 85418K, committed 85760K, reserved 1124352K
  class space    used 9530K, capacity 10155K, committed 10240K, reserved 1048576K
}
Event: 26837.688 GC heap before
{Heap before GC invocations=232 (full 0):
 garbage-first heap   total 100352K, used 80785K [0x0000000082600000, 0x0000000100000000)
  region size 1024K, 43 young (44032K), 4 survivors (4096K)
 Metaspace       used 83767K, capacity 85418K, committed 85760K, reserved 1124352K
  class space    used 9530K, capacity 10155K, committed 10240K, reserved 1048576K
}
Event: 26837.694 GC heap after
{Heap after GC invocations=233 (full 0):
 garbage-first heap   total 100352K, used 41486K [0x0000000082600000, 0x0000000100000000)
  region size 1024K, 3 young (3072K), 3 survivors (3072K)
 Metaspace       used 83767K, capacity 85418K, committed 85760K, reserved 1124352K
  class space    used 9530K, capacity 10155K, committed 10240K, reserved 1048576K
}
Event: 27022.539 GC heap before
{Heap before GC invocations=233 (full 0):
 garbage-first heap   total 100352K, used 82446K [0x0000000082600000, 0x0000000100000000)
  region size 1024K, 43 young (44032K), 3 survivors (3072K)
 Metaspace       used 83776K, capacity 85418K, committed 85760K, reserved 1124352K
  class space    used 9530K, capacity 10155K, committed 10240K, reserved 1048576K
}
Event: 27022.544 GC heap after
{Heap after GC invocations=234 (full 0):
 garbage-first heap   total 100352K, used 41037K [0x0000000082600000, 0x0000000100000000)
  region size 1024K, 3 young (3072K), 3 survivors (3072K)
 Metaspace       used 83776K, capacity 85418K, committed 85760K, reserved 1124352K
  class space    used 9530K, capacity 10155K, committed 10240K, reserved 1048576K
}
Event: 39690.892 GC heap before
{Heap before GC invocations=234 (full 0):
 garbage-first heap   total 100352K, used 80973K [0x0000000082600000, 0x0000000100000000)
  region size 1024K, 43 young (44032K), 3 survivors (3072K)
 Metaspace       used 83791K, capacity 85418K, committed 85760K, reserved 1124352K
  class space    used 9534K, capacity 10155K, committed 10240K, reserved 1048576K
}
Event: 39690.905 GC heap after
{Heap after GC invocations=235 (full 0):
 garbage-first heap   total 100352K, used 41846K [0x0000000082600000, 0x0000000100000000)
  region size 1024K, 4 young (4096K), 4 survivors (4096K)
 Metaspace       used 83791K, capacity 85418K, committed 85760K, reserved 1124352K
  class space    used 9534K, capacity 10155K, committed 10240K, reserved 1048576K
}

Deoptimization events (20 events):
Event: 58171.425 Thread 0x000001a64162d000 Uncommon trap: trap_request=0xffffff45 fr.pc=0x000001a6324fcb44 relative=0x0000000000001684
Event: 58171.436 Thread 0x000001a64162d000 Uncommon trap: reason=unstable_if action=reinterpret pc=0x000001a6324fcb44 method=brave.internal.codec.IpLiteral.ipOrNull(Ljava/lang/String;)Ljava/lang/String; @ 28 c2
Event: 58171.437 Thread 0x000001a64162d000 DEOPT PACKING pc=0x000001a6324fcb44 sp=0x00000010202fe2d0
Event: 58171.437 Thread 0x000001a64162d000 DEOPT UNPACKING pc=0x000001a629c8912f sp=0x00000010202fe088 mode 2
Event: 58171.440 Thread 0x000001a64162d000 Uncommon trap: trap_request=0xffffff45 fr.pc=0x000001a63214d67c relative=0x000000000000049c
Event: 58171.440 Thread 0x000001a64162d000 Uncommon trap: reason=unstable_if action=reinterpret pc=0x000001a63214d67c method=java.util.concurrent.locks.AbstractQueuedSynchronizer.hasQueuedPredecessors()Z @ 6 c2
Event: 58171.441 Thread 0x000001a64162d000 DEOPT PACKING pc=0x000001a63214d67c sp=0x00000010202fdcc0
Event: 58171.441 Thread 0x000001a64162d000 DEOPT UNPACKING pc=0x000001a629c8912f sp=0x00000010202fd800 mode 2
Event: 58171.442 Thread 0x000001a64162d000 Uncommon trap: trap_request=0xffffff45 fr.pc=0x000001a63214f4fc relative=0x000000000000049c
Event: 58171.443 Thread 0x000001a64162d000 Uncommon trap: reason=unstable_if action=reinterpret pc=0x000001a63214f4fc method=java.util.concurrent.locks.AbstractQueuedSynchronizer.hasQueuedPredecessors()Z @ 6 c2
Event: 58171.443 Thread 0x000001a64162d000 DEOPT PACKING pc=0x000001a63214f4fc sp=0x00000010202fd190
Event: 58171.443 Thread 0x000001a64162d000 DEOPT UNPACKING pc=0x000001a629c8912f sp=0x00000010202fcd50 mode 2
Event: 58171.444 Thread 0x000001a64162d000 Uncommon trap: trap_request=0xffffff45 fr.pc=0x000001a63215122c relative=0x000000000000036c
Event: 58171.444 Thread 0x000001a64162d000 Uncommon trap: reason=unstable_if action=reinterpret pc=0x000001a63215122c method=java.util.concurrent.locks.AbstractQueuedSynchronizer.hasQueuedPredecessors()Z @ 6 c2
Event: 58171.444 Thread 0x000001a64162d000 DEOPT PACKING pc=0x000001a63215122c sp=0x00000010202fcf70
Event: 58171.444 Thread 0x000001a64162d000 DEOPT UNPACKING pc=0x000001a629c8912f sp=0x00000010202fcc30 mode 2
Event: 58171.446 Thread 0x000001a64162d000 Uncommon trap: trap_request=0xffffff45 fr.pc=0x000001a63226511c relative=0x000000000000139c
Event: 58171.447 Thread 0x000001a64162d000 Uncommon trap: reason=unstable_if action=reinterpret pc=0x000001a63226511c method=zipkin2.Endpoint.getIpv4Bytes(Ljava/lang/String;)[B @ 40 c2
Event: 58171.448 Thread 0x000001a64162d000 DEOPT PACKING pc=0x000001a63226511c sp=0x00000010202fe120
Event: 58171.448 Thread 0x000001a64162d000 DEOPT UNPACKING pc=0x000001a629c8912f sp=0x00000010202fe070 mode 2

Classes unloaded (20 events):
Event: 16283.185 Thread 0x000001a621465800 Unloading class 0x0000000100249840 'java/lang/invoke/LambdaForm$MH'
Event: 16283.185 Thread 0x000001a621465800 Unloading class 0x0000000100237040 'java/lang/invoke/LambdaForm$MH'
Event: 16283.186 Thread 0x000001a621465800 Unloading class 0x0000000100237c40 'java/lang/invoke/LambdaForm$MH'
Event: 16283.186 Thread 0x000001a621465800 Unloading class 0x0000000100237840 'java/lang/invoke/LambdaForm$MH'
Event: 16283.186 Thread 0x000001a621465800 Unloading class 0x0000000100235c40 'java/lang/invoke/LambdaForm$MH'
Event: 16283.186 Thread 0x000001a621465800 Unloading class 0x0000000100235840 'java/lang/invoke/LambdaForm$MH'
Event: 16283.186 Thread 0x000001a621465800 Unloading class 0x0000000100235040 'java/lang/invoke/LambdaForm$MH'
Event: 16283.186 Thread 0x000001a621465800 Unloading class 0x0000000100234c40 'java/lang/invoke/LambdaForm$MH'
Event: 16283.187 Thread 0x000001a621465800 Unloading class 0x00000001001bdc40 'jdk/internal/reflect/GeneratedConstructorAccessor3'
Event: 16283.187 Thread 0x000001a621465800 Unloading class 0x0000000100158440 'java/lang/invoke/LambdaForm$MH'
Event: 16283.187 Thread 0x000001a621465800 Unloading class 0x0000000100128c40 'java/lang/invoke/LambdaForm$MH'
Event: 16283.187 Thread 0x000001a621465800 Unloading class 0x0000000100128840 'java/lang/invoke/LambdaForm$MH'
Event: 16283.187 Thread 0x000001a621465800 Unloading class 0x0000000100129440 'java/lang/invoke/LambdaForm$MH'
Event: 16283.187 Thread 0x000001a621465800 Unloading class 0x0000000100129040 'java/lang/invoke/LambdaForm$MH'
Event: 16283.187 Thread 0x000001a621465800 Unloading class 0x0000000100129c40 'java/lang/invoke/LambdaForm$MH'
Event: 16283.188 Thread 0x000001a621465800 Unloading class 0x0000000100129840 'java/lang/invoke/LambdaForm$MH'
Event: 16283.188 Thread 0x000001a621465800 Unloading class 0x000000010012a040 'java/lang/invoke/LambdaForm$MH'
Event: 16283.188 Thread 0x000001a621465800 Unloading class 0x000000010012ac40 'java/lang/invoke/LambdaForm$MH'
Event: 16283.188 Thread 0x000001a621465800 Unloading class 0x000000010012b440 'java/lang/invoke/LambdaForm$MH'
Event: 16283.188 Thread 0x000001a621465800 Unloading class 0x000000010012b040 'java/lang/invoke/LambdaForm$MH'

Classes redefined (0 events):
No events

Internal exceptions (20 events):
Event: 39690.964 Thread 0x000001a645d36800 Exception <a 'java/net/SocketException'{0x0000000089d38b00}: Network is unreachable: no further information> (0x0000000089d38b00) 
thrown [t:/workspace/open/src/hotspot/share/prims/jni.cpp, line 619]
Event: 39690.964 Thread 0x000001a645d36800 Exception <a 'java/net/SocketException'{0x0000000089d39100}: Socket is not connected: shutdown> (0x0000000089d39100) 
thrown [t:/workspace/open/src/hotspot/share/prims/jni.cpp, line 619]
Event: 39691.004 Thread 0x000001a645d36800 Exception <a 'java/net/SocketException'{0x0000000089d66c88}: Network is unreachable: no further information> (0x0000000089d66c88) 
thrown [t:/workspace/open/src/hotspot/share/prims/jni.cpp, line 619]
Event: 39691.004 Thread 0x000001a645d36800 Exception <a 'java/net/SocketException'{0x0000000089d67288}: Socket is not connected: shutdown> (0x0000000089d67288) 
thrown [t:/workspace/open/src/hotspot/share/prims/jni.cpp, line 619]
Event: 39691.018 Thread 0x000001a645d36800 Exception <a 'java/net/SocketException'{0x0000000089d94ea0}: Network is unreachable: no further information> (0x0000000089d94ea0) 
thrown [t:/workspace/open/src/hotspot/share/prims/jni.cpp, line 619]
Event: 39691.019 Thread 0x000001a645d36800 Exception <a 'java/net/SocketException'{0x0000000089d954a0}: Socket is not connected: shutdown> (0x0000000089d954a0) 
thrown [t:/workspace/open/src/hotspot/share/prims/jni.cpp, line 619]
Event: 39691.059 Thread 0x000001a645d36800 Exception <a 'java/net/SocketException'{0x0000000089dc2b98}: Network is unreachable: no further information> (0x0000000089dc2b98) 
thrown [t:/workspace/open/src/hotspot/share/prims/jni.cpp, line 619]
Event: 39691.059 Thread 0x000001a645d36800 Exception <a 'java/net/SocketException'{0x0000000089dc3198}: Socket is not connected: shutdown> (0x0000000089dc3198) 
thrown [t:/workspace/open/src/hotspot/share/prims/jni.cpp, line 619]
Event: 39691.062 Thread 0x000001a645d36800 Exception <a 'java/net/SocketException'{0x0000000089df6730}: Network is unreachable: no further information> (0x0000000089df6730) 
thrown [t:/workspace/open/src/hotspot/share/prims/jni.cpp, line 619]
Event: 39691.062 Thread 0x000001a645d36800 Exception <a 'java/net/SocketException'{0x0000000089df6d30}: Socket is not connected: shutdown> (0x0000000089df6d30) 
thrown [t:/workspace/open/src/hotspot/share/prims/jni.cpp, line 619]
Event: 39691.066 Thread 0x000001a645d36800 Exception <a 'java/net/SocketException'{0x0000000089c24c68}: Network is unreachable: no further information> (0x0000000089c24c68) 
thrown [t:/workspace/open/src/hotspot/share/prims/jni.cpp, line 619]
Event: 39691.066 Thread 0x000001a645d36800 Exception <a 'java/net/SocketException'{0x0000000089c25268}: Socket is not connected: shutdown> (0x0000000089c25268) 
thrown [t:/workspace/open/src/hotspot/share/prims/jni.cpp, line 619]
Event: 39691.069 Thread 0x000001a645d36800 Exception <a 'java/net/SocketException'{0x0000000089c52eb0}: Network is unreachable: no further information> (0x0000000089c52eb0) 
thrown [t:/workspace/open/src/hotspot/share/prims/jni.cpp, line 619]
Event: 39691.069 Thread 0x000001a645d36800 Exception <a 'java/net/SocketException'{0x0000000089c534b0}: Socket is not connected: shutdown> (0x0000000089c534b0) 
thrown [t:/workspace/open/src/hotspot/share/prims/jni.cpp, line 619]
Event: 39691.071 Thread 0x000001a645d36800 Exception <a 'java/net/SocketException'{0x0000000089c82aa0}: Network is unreachable: no further information> (0x0000000089c82aa0) 
thrown [t:/workspace/open/src/hotspot/share/prims/jni.cpp, line 619]
Event: 39691.071 Thread 0x000001a645d36800 Exception <a 'java/net/SocketException'{0x0000000089c830a0}: Socket is not connected: shutdown> (0x0000000089c830a0) 
thrown [t:/workspace/open/src/hotspot/share/prims/jni.cpp, line 619]
Event: 39691.074 Thread 0x000001a645d36800 Exception <a 'java/net/SocketException'{0x0000000089cb07c8}: Network is unreachable: no further information> (0x0000000089cb07c8) 
thrown [t:/workspace/open/src/hotspot/share/prims/jni.cpp, line 619]
Event: 39691.074 Thread 0x000001a645d36800 Exception <a 'java/net/SocketException'{0x0000000089cb0dc8}: Socket is not connected: shutdown> (0x0000000089cb0dc8) 
thrown [t:/workspace/open/src/hotspot/share/prims/jni.cpp, line 619]
Event: 39691.077 Thread 0x000001a645d36800 Exception <a 'java/net/SocketException'{0x0000000089cde7e0}: Network is unreachable: no further information> (0x0000000089cde7e0) 
thrown [t:/workspace/open/src/hotspot/share/prims/jni.cpp, line 619]
Event: 39691.077 Thread 0x000001a645d36800 Exception <a 'java/net/SocketException'{0x0000000089cdede0}: Socket is not connected: shutdown> (0x0000000089cdede0) 
thrown [t:/workspace/open/src/hotspot/share/prims/jni.cpp, line 619]

Events (20 events):
Event: 58181.747 Executing VM operation: RevokeBias
Event: 58181.747 Executing VM operation: RevokeBias done
Event: 58181.749 Executing VM operation: RevokeBias
Event: 58181.749 Executing VM operation: RevokeBias done
Event: 58181.751 Executing VM operation: RevokeBias
Event: 58181.751 Executing VM operation: RevokeBias done
Event: 58181.761 Executing VM operation: RevokeBias
Event: 58181.762 Executing VM operation: RevokeBias done
Event: 58181.764 Executing VM operation: RevokeBias
Event: 58181.764 Executing VM operation: RevokeBias done
Event: 58181.777 Executing VM operation: RevokeBias
Event: 58181.777 Executing VM operation: RevokeBias done
Event: 58181.791 Executing VM operation: RevokeBias
Event: 58181.792 Executing VM operation: RevokeBias done
Event: 58181.792 Executing VM operation: RevokeBias
Event: 58181.793 Executing VM operation: RevokeBias done
Event: 58181.793 Executing VM operation: RevokeBias
Event: 58181.793 Executing VM operation: RevokeBias done
Event: 58181.793 Executing VM operation: RevokeBias
Event: 58181.793 Executing VM operation: RevokeBias done


Dynamic libraries:
0x00007ff66c200000 - 0x00007ff66c20f000 	C:\Program Files\Java\jdk-13.0.1\bin\javaw.exe
0x00007fff91570000 - 0x00007fff9175d000 	C:\WINDOWS\SYSTEM32\ntdll.dll
0x00007fff66ec0000 - 0x00007fff66ee7000 	C:\Program Files\Cylance\Desktop\CyMemDef64.dll
0x00007fff8e9d0000 - 0x00007fff8ea83000 	C:\WINDOWS\System32\KERNEL32.DLL
0x00007fff8dfd0000 - 0x00007fff8e265000 	C:\WINDOWS\System32\KERNELBASE.dll
0x00007fff8d6e0000 - 0x00007fff8d7da000 	C:\WINDOWS\System32\ucrtbase.dll
0x00007fff89e90000 - 0x00007fff89ea8000 	C:\Program Files\Java\jdk-13.0.1\bin\jli.dll
0x00007fff8f5b0000 - 0x00007fff8f653000 	C:\WINDOWS\System32\ADVAPI32.dll
0x00007fff8e790000 - 0x00007fff8e82e000 	C:\WINDOWS\System32\msvcrt.dll
0x00007fff90f70000 - 0x00007fff9100e000 	C:\WINDOWS\System32\sechost.dll
0x00007fff8f480000 - 0x00007fff8f5a2000 	C:\WINDOWS\System32\RPCRT4.dll
0x00007fff8eb40000 - 0x00007fff8ecd7000 	C:\WINDOWS\System32\USER32.dll
0x00007fff8e2d0000 - 0x00007fff8e2f0000 	C:\WINDOWS\System32\win32u.dll
0x00007fff90d20000 - 0x00007fff90d49000 	C:\WINDOWS\System32\GDI32.dll
0x00007fff8e2f0000 - 0x00007fff8e48a000 	C:\WINDOWS\System32\gdi32full.dll
0x00007fff8e6f0000 - 0x00007fff8e790000 	C:\WINDOWS\System32\msvcp_win.dll
0x00007fff896d0000 - 0x00007fff896e5000 	C:\Program Files\Java\jdk-13.0.1\bin\VCRUNTIME140.dll
0x00007fff731a0000 - 0x00007fff73419000 	C:\WINDOWS\WinSxS\amd64_microsoft.windows.common-controls_6595b64144ccf1df_6.0.17763.1282_none_de75b6f253473c0f\COMCTL32.dll
0x00007fff8f150000 - 0x00007fff8f47c000 	C:\WINDOWS\System32\combase.dll
0x00007fff8d7e0000 - 0x00007fff8d85e000 	C:\WINDOWS\System32\bcryptPrimitives.dll
0x00007fff8b3e0000 - 0x00007fff8b3ea000 	C:\WINDOWS\SYSTEM32\VERSION.dll
0x00007fff90d50000 - 0x00007fff90d7e000 	C:\WINDOWS\System32\IMM32.DLL
0x00007fff8d240000 - 0x00007fff8d35f000 	C:\Program Files\Avecto\Privilege Guard Client\PGHook.dll
0x00007fff8f660000 - 0x00007fff90b58000 	C:\WINDOWS\System32\shell32.dll
0x00007fff8e4c0000 - 0x00007fff8e50a000 	C:\WINDOWS\System32\cfgmgr32.dll
0x00007fff8ea90000 - 0x00007fff8eb38000 	C:\WINDOWS\System32\shcore.dll
0x00007fff8d880000 - 0x00007fff8dfcf000 	C:\WINDOWS\System32\windows.storage.dll
0x00007fff8d600000 - 0x00007fff8d624000 	C:\WINDOWS\System32\profapi.dll
0x00007fff8d5a0000 - 0x00007fff8d5fd000 	C:\WINDOWS\System32\powrprof.dll
0x00007fff8e890000 - 0x00007fff8e8e2000 	C:\WINDOWS\System32\shlwapi.dll
0x00007fff8d560000 - 0x00007fff8d571000 	C:\WINDOWS\System32\kernel.appcore.dll
0x00007fff8d860000 - 0x00007fff8d877000 	C:\WINDOWS\System32\cryptsp.dll
0x00007fff8d060000 - 0x00007fff8d093000 	C:\WINDOWS\system32\rsaenh.dll
0x00007fff8e490000 - 0x00007fff8e4b6000 	C:\WINDOWS\System32\bcrypt.dll
0x00007fff8d050000 - 0x00007fff8d05c000 	C:\WINDOWS\SYSTEM32\CRYPTBASE.dll
0x00007fff652e0000 - 0x00007fff6553c000 	C:\Program Files (x86)\dynatrace\oneagent\agent\bin\1.195.134.20200624-174940\windows-x86-64\oneagentproc.dll
0x00007fff5d820000 - 0x00007fff5d88d000 	C:\Program Files\Manufacturer\Endpoint Agent\prntm64.dll
0x00007fff90e10000 - 0x00007fff90f65000 	C:\WINDOWS\System32\ole32.dll
0x00007fff8ee60000 - 0x00007fff8ef24000 	C:\WINDOWS\System32\OLEAUT32.dll
0x00007fff8b3f0000 - 0x00007fff8b3fc000 	C:\WINDOWS\SYSTEM32\Secur32.dll
0x00007fff7e850000 - 0x00007fff7e8d9000 	C:\WINDOWS\SYSTEM32\WINSPOOL.DRV
0x00007fff71e00000 - 0x00007fff71eef000 	C:\WINDOWS\SYSTEM32\MSVCR120.dll
0x00007fff71ef0000 - 0x00007fff71f96000 	C:\WINDOWS\SYSTEM32\MSVCP120.dll
0x00007fff8a3c0000 - 0x00007fff8a569000 	C:\WINDOWS\SYSTEM32\PROPSYS.dll
0x00007fff8c340000 - 0x00007fff8c37d000 	C:\WINDOWS\SYSTEM32\IPHLPAPI.DLL
0x00007fff8d450000 - 0x00007fff8d486000 	C:\WINDOWS\SYSTEM32\SSPICLI.DLL
0x00007fff64d80000 - 0x00007fff64e1b000 	C:\Program Files\Java\jdk-13.0.1\bin\msvcp140.dll
0x00007fff37df0000 - 0x00007fff38956000 	C:\Program Files\Java\jdk-13.0.1\bin\server\jvm.dll
0x00007fff90e00000 - 0x00007fff90e08000 	C:\WINDOWS\System32\PSAPI.DLL
0x00007fff83130000 - 0x00007fff83139000 	C:\WINDOWS\SYSTEM32\WSOCK32.dll
0x00007fff8ef30000 - 0x00007fff8ef9d000 	C:\WINDOWS\System32\WS2_32.dll
0x00007fff89dc0000 - 0x00007fff89de4000 	C:\WINDOWS\SYSTEM32\WINMM.dll
0x00007fff89a30000 - 0x00007fff89a5d000 	C:\WINDOWS\SYSTEM32\WINMMBASE.dll
0x00007fff61330000 - 0x00007fff61340000 	C:\Program Files\Java\jdk-13.0.1\bin\verify.dll
0x00007fff8ccb0000 - 0x00007fff8ce9d000 	C:\WINDOWS\SYSTEM32\DBGHELP.DLL
0x00007fff8cc80000 - 0x00007fff8ccaa000 	C:\WINDOWS\SYSTEM32\dbgcore.DLL
0x00007fff37d70000 - 0x00007fff37d96000 	C:\Program Files\Java\jdk-13.0.1\bin\java.dll
0x00007ffef65b0000 - 0x00007ffef6c7f000 	C:\PROGRA~2\DYNATR~1\oneagent\agent\bin\119513~1.202\WINDOW~2\oneagentloader.dll
0x00007fff90c90000 - 0x00007fff90cf0000 	C:\WINDOWS\System32\WLDAP32.dll
0x00007fff8d200000 - 0x00007fff8d231000 	C:\WINDOWS\SYSTEM32\ntmarta.dll
0x00007ffef5540000 - 0x00007ffef65a6000 	C:\PROGRA~2\DYNATR~1\oneagent\agent\bin\119513~1.202\WINDOW~2\oneagentjava.dll
0x00007fff6f1d0000 - 0x00007fff6f1e6000 	C:\WINDOWS\system32\napinsp.dll
0x00007fff6f1b0000 - 0x00007fff6f1ca000 	C:\WINDOWS\system32\pnrpnsp.dll
0x00007fff8c640000 - 0x00007fff8c6a7000 	C:\WINDOWS\System32\mswsock.dll
0x00007fff8c380000 - 0x00007fff8c447000 	C:\WINDOWS\SYSTEM32\DNSAPI.dll
0x00007fff90d10000 - 0x00007fff90d18000 	C:\WINDOWS\System32\NSI.dll
0x00007fff70110000 - 0x00007fff7011e000 	C:\WINDOWS\System32\winrnr.dll
0x00007fff89590000 - 0x00007fff895ab000 	C:\WINDOWS\system32\NLAapi.dll
0x00007fff85440000 - 0x00007fff85455000 	C:\WINDOWS\system32\wshbth.dll
0x00007fff85460000 - 0x00007fff85476000 	C:\WINDOWS\SYSTEM32\dhcpcsvc6.DLL
0x00007fff84fc0000 - 0x00007fff84fdc000 	C:\WINDOWS\SYSTEM32\dhcpcsvc.DLL
0x00007fff3b180000 - 0x00007fff3b197000 	C:\Program Files\Java\jdk-13.0.1\bin\zip.dll
0x00007fff5d010000 - 0x00007fff5d01a000 	C:\Program Files\Java\jdk-13.0.1\bin\jimage.dll
0x00007fff7ad60000 - 0x00007fff7ad6a000 	C:\Windows\System32\rasadhlp.dll
0x00007fff85770000 - 0x00007fff857e9000 	C:\WINDOWS\System32\fwpuclnt.dll
0x00007fff3b160000 - 0x00007fff3b179000 	C:\Program Files\Java\jdk-13.0.1\bin\net.dll
0x00007fff86810000 - 0x00007fff86902000 	C:\WINDOWS\SYSTEM32\WINHTTP.dll
0x00007fff3b140000 - 0x00007fff3b153000 	C:\Program Files\Java\jdk-13.0.1\bin\nio.dll
0x00007fff5b750000 - 0x00007fff5b759000 	C:\Program Files\Java\jdk-13.0.1\bin\management.dll
0x00007fff5b1d0000 - 0x00007fff5b1db000 	C:\Program Files\Java\jdk-13.0.1\bin\management_ext.dll
0x00007fff8d490000 - 0x00007fff8d4b8000 	C:\WINDOWS\SYSTEM32\USERENV.dll
0x00007fff63150000 - 0x00007fff632e9000 	C:\Program Files\Java\jdk-13.0.1\bin\awt.dll
0x00007fff872b0000 - 0x00007fff8786e000 	C:\WINDOWS\SYSTEM32\d2d1.dll
0x00007fff8a570000 - 0x00007fff8a5fc000 	C:\WINDOWS\SYSTEM32\apphelp.dll
0x00007fff83210000 - 0x00007fff8325d000 	C:\WINDOWS\SYSTEM32\pdh.dll
0x00007fff66490000 - 0x00007fff6649e000 	C:\WINDOWS\System32\perfos.dll
0x00007fff85300000 - 0x00007fff85325000 	C:\Program Files\Java\jdk-13.0.1\bin\sunec.dll
0x00007fff84e50000 - 0x00007fff84e5e000 	C:\Program Files\Java\jdk-13.0.1\bin\sunmscapi.dll
0x00007fff8e510000 - 0x00007fff8e6ec000 	C:\WINDOWS\System32\CRYPT32.dll
0x00007fff8d580000 - 0x00007fff8d592000 	C:\WINDOWS\System32\MSASN1.dll
0x00007fff8c900000 - 0x00007fff8c926000 	C:\WINDOWS\SYSTEM32\ncrypt.dll
0x00007fff8c8c0000 - 0x00007fff8c8fc000 	C:\WINDOWS\SYSTEM32\NTASN1.dll
0x00007fff85250000 - 0x00007fff8525f000 	C:\WINDOWS\System32\perfproc.dll

dbghelp: loaded successfully - version: 4.0.5 - missing functions: none
symbol engine: initialized successfully - sym options: 0x614 - pdb path: .;C:\Program Files\Java\jdk-13.0.1\bin;C:\WINDOWS\SYSTEM32;C:\Program Files\Cylance\Desktop;C:\WINDOWS\WinSxS\amd64_microsoft.windows.common-controls_6595b64144ccf1df_6.0.17763.1282_none_de75b6f253473c0f;C:\Program Files\Avecto\Privilege Guard Client;C:\Program Files (x86)\dynatrace\oneagent\agent\bin\1.195.134.20200624-174940\windows-x86-64;C:\Program Files\Manufacturer\Endpoint Agent;C:\Program Files\Java\jdk-13.0.1\bin\server;C:\PROGRA~2\DYNATR~1\oneagent\agent\bin\119513~1.202\WINDOW~2

VM Arguments:
jvm_args: -Dfile.encoding=UTF-8 -agentpath:C:/PROGRA~2/DYNATR~1/oneagent/agent/bin/119513~1.202/WINDOW~2/oneagentloader.dll=loglevelcon=none,tenant=fge35511,tenanttoken=JLvNiAbh7mPFZatF,server=https://sg-us-east-1-52-204-209-225-prod45-virginia.live.ruxit.com/communication;https://sg-us-east-1-35-171-91-31-prod45-virginia.live.ruxit.com/communication;https://sg-us-east-1-18-211-0-85-prod45-virginia.live.ruxit.com/communication;https://fge35511.live.dynatrace.com:443/communication 
java_command: com.deloitte.prod.application.InvokerServiceApplication
java_class_path (initial): C:\Users\deepsahoo\git\repository\prod-ready-reference-implementation\InvokerService\target\classes;C:\Users\deepsahoo\git\repository\prod-ready-reference-implementation\ProdCommon\target\classes;C:\Users\deepsahoo\.m2\repository\org\springframework\boot\spring-boot-starter-actuator\2.3.1.RELEASE\spring-boot-starter-actuator-2.3.1.RELEASE.jar;C:\Users\deepsahoo\.m2\repository\org\springframework\boot\spring-boot-starter\2.3.1.RELEASE\spring-boot-starter-2.3.1.RELEASE.jar;C:\Users\deepsahoo\.m2\repository\org\springframework\boot\spring-boot\2.3.1.RELEASE\spring-boot-2.3.1.RELEASE.jar;C:\Users\deepsahoo\.m2\repository\org\springframework\boot\spring-boot-autoconfigure\2.3.1.RELEASE\spring-boot-autoconfigure-2.3.1.RELEASE.jar;C:\Users\deepsahoo\.m2\repository\org\springframework\boot\spring-boot-starter-logging\2.3.1.RELEASE\spring-boot-starter-logging-2.3.1.RELEASE.jar;C:\Users\deepsahoo\.m2\repository\ch\qos\logback\logback-classic\1.2.3\logback-classic-1.2.3.jar;C:\Users\deepsahoo\.m2\repository\ch\qos\logback\logback-core\1.2.3\logback-core-1.2.3.jar;C:\Users\deepsahoo\.m2\repository\org\apache\logging\log4j\log4j-to-slf4j\2.13.3\log4j-to-slf4j-2.13.3.jar;C:\Users\deepsahoo\.m2\repository\org\apache\logging\log4j\log4j-api\2.13.3\log4j-api-2.13.3.jar;C:\Users\deepsahoo\.m2\repository\org\slf4j\jul-to-slf4j\1.7.30\jul-to-slf4j-1.7.30.jar;C:\Users\deepsahoo\.m2\repository\jakarta\annotation\jakarta.annotation-api\1.3.5\jakarta.annotation-api-1.3.5.jar;C:\Users\deepsahoo\.m2\repository\org\yaml\snakeyaml\1.26\snakeyaml-1.26.jar;C:\Users\deepsahoo\.m2\repository\org\springframework\boot\spring-boot-actuator-autoconfigure\2.3.1.RELEASE\spring-boot-actuator-autoconfigure-2.3.1.RELEASE.jar;C:\Users\deepsahoo\.m2\repository\org\springframework\boot\spring-boot-actuator\2.3.1.RELEASE\spring-boot-actuator-2.3.1.RELEASE.jar;C:\Users\deepsahoo\.m2\repository\com\fasterxml\jackson\core\jackson-databind\2.11.0\jackson-databind-2.11.0.jar;C:\Users\de
Launcher Type: SUN_STANDARD

[Global flags]
     intx CICompilerCount                          = 4                                         {product} {ergonomic}
     uint ConcGCThreads                            = 2                                         {product} {ergonomic}
     uint G1ConcRefinementThreads                  = 8                                         {product} {ergonomic}
   size_t G1HeapRegionSize                         = 1048576                                   {product} {ergonomic}
    uintx GCDrainStackTargetSize                   = 64                                        {product} {ergonomic}
   size_t InitialHeapSize                          = 132120576                                 {product} {ergonomic}
   size_t MarkStackSize                            = 4194304                                   {product} {ergonomic}
   size_t MaxHeapSize                              = 2107637760                                {product} {ergonomic}
   size_t MaxNewSize                               = 1264582656                                {product} {ergonomic}
   size_t MinHeapDeltaBytes                        = 1048576                                   {product} {ergonomic}
   size_t MinHeapSize                              = 8388608                                   {product} {ergonomic}
    uintx NonNMethodCodeHeapSize                   = 5836300                                {pd product} {ergonomic}
    uintx NonProfiledCodeHeapSize                  = 122910970                              {pd product} {ergonomic}
    uintx ProfiledCodeHeapSize                     = 122910970                              {pd product} {ergonomic}
    uintx ReservedCodeCacheSize                    = 251658240                              {pd product} {ergonomic}
     bool SegmentedCodeCache                       = true                                      {product} {ergonomic}
   size_t SoftMaxHeapSize                          = 2107637760                             {manageable} {ergonomic}
     bool UseCompressedClassPointers               = true                                 {lp64_product} {ergonomic}
     bool UseCompressedOops                        = true                                 {lp64_product} {ergonomic}
     bool UseG1GC                                  = true                                      {product} {ergonomic}
     bool UseLargePagesIndividualAllocation        = false                                  {pd product} {ergonomic}

Logging:
Log output configuration:
 #0: stdout all=warning uptime,level,tags
 #1: stderr all=off uptime,level,tags

Environment Variables:
PATH=C:/Program Files/Java/jdk-13.0.1/bin/server;C:/Program Files/Java/jdk-13.0.1/bin;C:\WINDOWS\system32;C:\WINDOWS;C:\WINDOWS\System32\Wbem;C:\Program Files (x86)\Common Files\Oracle\Java\javapath;C:\Program Files (x86)\Intel\Intel(R) Management Engine Components\iCLS\;C:\Program Files\Intel\Intel(R) Management Engine Components\iCLS\;C:\WINDOWS\system32;C:\WINDOWS;C:\WINDOWS\System32\Wbem;C:\WINDOWS\System32\WindowsPowerShell\v1.0\;C:\WINDOWS\System32\OpenSSH\;C:\Program Files (x86)\Intel\Intel(R) Management Engine Components\DAL;C:\Program Files\Intel\Intel(R) Management Engine Components\DAL;C:\Program Files (x86)\Intel\Intel(R) Management Engine Components\IPT;C:\Program Files\Intel\Intel(R) Management Engine Components\IPT;C:\Users\deepsahoo\AppData\Local\Microsoft\WindowsApps;C:\Program Files\nodejs\;C:\Program Files\MySQL\MySQL Shell 8.0\bin\;C:\Users\deepsahoo\AppData\Local\Microsoft\WindowsApps;C:\Users\deepsahoo\AppData\Local\Programs\Microsoft VS Code\bin;C:\Users\deepsahoo\AppData\Local\Programs\Git\cmd;C:\Users\deepsahoo\AppData\Roaming\npm;C:\Users\deepsahoo\Desktop;
USERNAME=deepsahoo
OS=Windows_NT
PROCESSOR_IDENTIFIER=Intel64 Family 6 Model 142 Stepping 10, GenuineIntel



---------------  S Y S T E M  ---------------

OS: Windows 10 , 64 bit Build 17763 (10.0.17763.1158)

CPU:total 8 (initial active 8) (4 cores per cpu, 2 threads per core) family 6 model 142 stepping 10, cmov, cx8, fxsr, mmx, sse, sse2, sse3, ssse3, sse4.1, sse4.2, popcnt, avx, avx2, aes, clmul, erms, rtm, 3dnowpref, lzcnt, ht, tsc, tscinvbit, bmi1, bmi2, adx, fma

Memory: 4k page, system-wide physical 8035M (443M free)
TotalPageFile size 22883M (AvailPageFile size 3979M)
current process WorkingSet (physical memory assigned to process): 219M, peak: 391M
current process commit charge ("private bytes"): 412M, peak: 508M

vm_info: Java HotSpot(TM) 64-Bit Server VM (13.0.1+9) for windows-amd64 JRE (13.0.1+9), built on Oct  6 2019 12:37:49 by "mach5one" with unknown MS VC++:1916

END.
